# Logfile created on 2014-01-04 03:53:05 +0400 by logger.rb/41954
I, [2014-01-04T03:53:05.216719 #8056]  INFO -- : 0:  rake (10.1.1) from /home/alexiss/.rbenv/versions/2.0.0-p353/lib/ruby/gems/2.0.0/specifications/rake-10.1.1.gemspec
I, [2014-01-04T03:53:06.718119 #8056]  INFO -- : 0:  i18n (0.6.9) from /home/alexiss/.rbenv/versions/2.0.0-p353/lib/ruby/gems/2.0.0/specifications/i18n-0.6.9.gemspec
I, [2014-01-04T03:53:08.254850 #8056]  INFO -- : 0:  minitest (4.7.5) from /home/alexiss/.rbenv/versions/2.0.0-p353/lib/ruby/gems/2.0.0/specifications/minitest-4.7.5.gemspec
I, [2014-01-04T03:53:09.617322 #8056]  INFO -- : 0:  multi_json (1.8.2) from /home/alexiss/.rbenv/versions/2.0.0-p353/lib/ruby/gems/2.0.0/specifications/multi_json-1.8.2.gemspec
I, [2014-01-04T03:53:12.964998 #8056]  INFO -- : 0:  atomic (1.1.14) from /home/alexiss/.rbenv/versions/2.0.0-p353/lib/ruby/gems/2.0.0/specifications/atomic-1.1.14.gemspec
I, [2014-01-04T03:53:14.643167 #8056]  INFO -- : 0:  thread_safe (0.1.3) from /home/alexiss/.rbenv/versions/2.0.0-p353/lib/ruby/gems/2.0.0/specifications/thread_safe-0.1.3.gemspec
I, [2014-01-04T03:53:16.774342 #8056]  INFO -- : 0:  tzinfo (0.3.38) from /home/alexiss/.rbenv/versions/2.0.0-p353/lib/ruby/gems/2.0.0/specifications/tzinfo-0.3.38.gemspec
I, [2014-01-04T03:53:18.720796 #8056]  INFO -- : 0:  activesupport (4.0.2) from /home/alexiss/.rbenv/versions/2.0.0-p353/lib/ruby/gems/2.0.0/specifications/activesupport-4.0.2.gemspec
I, [2014-01-04T03:53:20.074898 #8056]  INFO -- : 0:  builder (3.1.4) from /home/alexiss/.rbenv/versions/2.0.0-p353/lib/ruby/gems/2.0.0/specifications/builder-3.1.4.gemspec
I, [2014-01-04T03:53:21.872884 #8056]  INFO -- : 0:  erubis (2.7.0) from /home/alexiss/.rbenv/versions/2.0.0-p353/lib/ruby/gems/2.0.0/specifications/erubis-2.7.0.gemspec
I, [2014-01-04T03:53:23.737303 #8056]  INFO -- : 0:  rack (1.5.2) from /home/alexiss/.rbenv/versions/2.0.0-p353/lib/ruby/gems/2.0.0/specifications/rack-1.5.2.gemspec
I, [2014-01-04T03:53:25.083456 #8056]  INFO -- : 0:  rack-test (0.6.2) from /home/alexiss/.rbenv/versions/2.0.0-p353/lib/ruby/gems/2.0.0/specifications/rack-test-0.6.2.gemspec
I, [2014-01-04T03:53:26.955609 #8056]  INFO -- : 0:  actionpack (4.0.2) from /home/alexiss/.rbenv/versions/2.0.0-p353/lib/ruby/gems/2.0.0/specifications/actionpack-4.0.2.gemspec
I, [2014-01-04T03:53:28.451674 #8056]  INFO -- : 0:  mime-types (1.25.1) from /home/alexiss/.rbenv/versions/2.0.0-p353/lib/ruby/gems/2.0.0/specifications/mime-types-1.25.1.gemspec
I, [2014-01-04T03:53:29.747285 #8056]  INFO -- : 0:  polyglot (0.3.3) from /home/alexiss/.rbenv/versions/2.0.0-p353/lib/ruby/gems/2.0.0/specifications/polyglot-0.3.3.gemspec
I, [2014-01-04T03:53:31.351985 #8056]  INFO -- : 0:  treetop (1.4.15) from /home/alexiss/.rbenv/versions/2.0.0-p353/lib/ruby/gems/2.0.0/specifications/treetop-1.4.15.gemspec
I, [2014-01-04T03:53:33.139269 #8056]  INFO -- : 0:  mail (2.5.4) from /home/alexiss/.rbenv/versions/2.0.0-p353/lib/ruby/gems/2.0.0/specifications/mail-2.5.4.gemspec
I, [2014-01-04T03:53:34.477647 #8056]  INFO -- : 0:  actionmailer (4.0.2) from /home/alexiss/.rbenv/versions/2.0.0-p353/lib/ruby/gems/2.0.0/specifications/actionmailer-4.0.2.gemspec
I, [2014-01-04T03:53:35.982801 #8056]  INFO -- : 0:  activemodel (4.0.2) from /home/alexiss/.rbenv/versions/2.0.0-p353/lib/ruby/gems/2.0.0/specifications/activemodel-4.0.2.gemspec
I, [2014-01-04T03:53:37.349240 #8056]  INFO -- : 0:  activerecord-deprecated_finders (1.0.3) from /home/alexiss/.rbenv/versions/2.0.0-p353/lib/ruby/gems/2.0.0/specifications/activerecord-deprecated_finders-1.0.3.gemspec
I, [2014-01-04T03:53:38.899449 #8056]  INFO -- : 0:  arel (4.0.1) from /home/alexiss/.rbenv/versions/2.0.0-p353/lib/ruby/gems/2.0.0/specifications/arel-4.0.1.gemspec
I, [2014-01-04T03:53:40.705934 #8056]  INFO -- : 0:  activerecord (4.0.2) from /home/alexiss/.rbenv/versions/2.0.0-p353/lib/ruby/gems/2.0.0/specifications/activerecord-4.0.2.gemspec
I, [2014-01-04T03:53:40.706705 #8056]  INFO -- : 0:  bundler (1.5.1) from /home/alexiss/.rbenv/versions/2.0.0-p353/lib/ruby/gems/2.0.0/specifications/bundler-1.5.1.gemspec
I, [2014-01-04T03:53:42.202490 #8056]  INFO -- : 0:  thor (0.18.1) from /home/alexiss/.rbenv/versions/2.0.0-p353/lib/ruby/gems/2.0.0/specifications/thor-0.18.1.gemspec
I, [2014-01-04T03:53:43.915645 #8056]  INFO -- : 0:  railties (4.0.2) from /home/alexiss/.rbenv/versions/2.0.0-p353/lib/ruby/gems/2.0.0/specifications/railties-4.0.2.gemspec
I, [2014-01-04T03:53:45.220178 #8056]  INFO -- : 0:  hike (1.2.3) from /home/alexiss/.rbenv/versions/2.0.0-p353/lib/ruby/gems/2.0.0/specifications/hike-1.2.3.gemspec
I, [2014-01-04T03:53:46.732621 #8056]  INFO -- : 0:  tilt (1.4.1) from /home/alexiss/.rbenv/versions/2.0.0-p353/lib/ruby/gems/2.0.0/specifications/tilt-1.4.1.gemspec
I, [2014-01-04T03:53:48.195102 #8056]  INFO -- : 0:  sprockets (2.10.1) from /home/alexiss/.rbenv/versions/2.0.0-p353/lib/ruby/gems/2.0.0/specifications/sprockets-2.10.1.gemspec
I, [2014-01-04T03:53:49.416388 #8056]  INFO -- : 0:  sprockets-rails (2.0.1) from /home/alexiss/.rbenv/versions/2.0.0-p353/lib/ruby/gems/2.0.0/specifications/sprockets-rails-2.0.1.gemspec
I, [2014-01-04T03:53:51.967160 #8056]  INFO -- : 0:  rails (4.0.2) from /home/alexiss/.rbenv/versions/2.0.0-p353/lib/ruby/gems/2.0.0/specifications/rails-4.0.2.gemspec
I, [2014-01-04T03:53:51.975925 #8056]  INFO -- : 0:  bootstrap (0.0.1) from /home/alexiss/projects/bootstrap/bootstrap.gemspec
I, [2014-01-04T03:53:53.304450 #8056]  INFO -- : 0:  mini_portile (0.5.1) from /home/alexiss/.rbenv/versions/2.0.0-p353/lib/ruby/gems/2.0.0/specifications/mini_portile-0.5.1.gemspec
I, [2014-01-04T03:57:06.139365 #8056]  INFO -- : 0:  nokogiri (1.6.0) from /home/alexiss/.rbenv/versions/2.0.0-p353/lib/ruby/gems/2.0.0/specifications/nokogiri-1.6.0.gemspec
I, [2014-01-04T03:57:07.527590 #8056]  INFO -- : 0:  xpath (2.0.0) from /home/alexiss/.rbenv/versions/2.0.0-p353/lib/ruby/gems/2.0.0/specifications/xpath-2.0.0.gemspec
I, [2014-01-04T03:57:09.215290 #8056]  INFO -- : 0:  capybara (2.1.0) from /home/alexiss/.rbenv/versions/2.0.0-p353/lib/ruby/gems/2.0.0/specifications/capybara-2.1.0.gemspec
I, [2014-01-04T03:57:10.735495 #8056]  INFO -- : 0:  combustion (0.5.1) from /home/alexiss/.rbenv/versions/2.0.0-p353/lib/ruby/gems/2.0.0/specifications/combustion-0.5.1.gemspec
I, [2014-01-04T03:57:12.123453 #8056]  INFO -- : 0:  diff-lcs (1.2.5) from /home/alexiss/.rbenv/versions/2.0.0-p353/lib/ruby/gems/2.0.0/specifications/diff-lcs-1.2.5.gemspec
I, [2014-01-04T03:57:17.812133 #8056]  INFO -- : 0:  redcarpet (1.17.2) from /home/alexiss/.rbenv/versions/2.0.0-p353/lib/ruby/gems/2.0.0/specifications/redcarpet-1.17.2.gemspec
I, [2014-01-04T03:57:19.493556 #8056]  INFO -- : 0:  rspec-core (2.14.7) from /home/alexiss/.rbenv/versions/2.0.0-p353/lib/ruby/gems/2.0.0/specifications/rspec-core-2.14.7.gemspec
I, [2014-01-04T03:57:21.057427 #8056]  INFO -- : 0:  rspec-expectations (2.14.4) from /home/alexiss/.rbenv/versions/2.0.0-p353/lib/ruby/gems/2.0.0/specifications/rspec-expectations-2.14.4.gemspec
I, [2014-01-04T03:57:22.621046 #8056]  INFO -- : 0:  rspec-mocks (2.14.4) from /home/alexiss/.rbenv/versions/2.0.0-p353/lib/ruby/gems/2.0.0/specifications/rspec-mocks-2.14.4.gemspec
I, [2014-01-04T03:57:23.900233 #8056]  INFO -- : 0:  rspec (2.14.1) from /home/alexiss/.rbenv/versions/2.0.0-p353/lib/ruby/gems/2.0.0/specifications/rspec-2.14.1.gemspec
I, [2014-01-04T03:57:25.543211 #8056]  INFO -- : 0:  rspec-rails (2.14.0) from /home/alexiss/.rbenv/versions/2.0.0-p353/lib/ruby/gems/2.0.0/specifications/rspec-rails-2.14.0.gemspec
I, [2014-01-04T03:57:28.278904 #8056]  INFO -- : 0:  yard (0.7.5) from /home/alexiss/.rbenv/versions/2.0.0-p353/lib/ruby/gems/2.0.0/specifications/yard-0.7.5.gemspec
